h:\desktop\music projects\school\jaar 2\raytracedir\raytracedir\wouter\synth_conv\src\cpp_scripts\cmakefiles\generate.stamp
h:\desktop\music projects\school\jaar 2\raytracedir\raytracedir\wouter\synth_conv\src\cpp_scripts\appeltaart.dir\debug\vc142.pdb
h:\desktop\music projects\school\jaar 2\raytracedir\raytracedir\wouter\synth_conv\src\cpp_scripts\appeltaart.dir\debug\triangle.obj
h:\desktop\music projects\school\jaar 2\raytracedir\raytracedir\wouter\synth_conv\src\cpp_scripts\appeltaart.dir\debug\square.obj
h:\desktop\music projects\school\jaar 2\raytracedir\raytracedir\wouter\synth_conv\src\cpp_scripts\appeltaart.dir\debug\sine.obj
h:\desktop\music projects\school\jaar 2\raytracedir\raytracedir\wouter\synth_conv\src\cpp_scripts\appeltaart.dir\debug\sampleconv.obj
h:\desktop\music projects\school\jaar 2\raytracedir\raytracedir\wouter\synth_conv\src\cpp_scripts\appeltaart.dir\debug\oscillator.obj
h:\desktop\music projects\school\jaar 2\raytracedir\raytracedir\wouter\synth_conv\src\cpp_scripts\appeltaart.dir\debug\jack_module.obj
h:\desktop\music projects\school\jaar 2\raytracedir\raytracedir\wouter\synth_conv\src\cpp_scripts\appeltaart.dir\debug\convolution.obj
h:\desktop\music projects\school\jaar 2\raytracedir\raytracedir\wouter\synth_conv\src\cpp_scripts\appeltaart.dir\debug\main.obj
h:\desktop\music projects\school\jaar 2\raytracedir\raytracedir\wouter\synth_conv\src\cpp_scripts\debug\appeltaart.ilk
h:\desktop\music projects\school\jaar 2\raytracedir\raytracedir\wouter\synth_conv\src\cpp_scripts\debug\appeltaart.exe
h:\desktop\music projects\school\jaar 2\raytracedir\raytracedir\wouter\synth_conv\src\cpp_scripts\debug\appeltaart.pdb
h:\desktop\music projects\school\jaar 2\raytracedir\raytracedir\wouter\synth_conv\src\cpp_scripts\appeltaart.dir\debug\appeltaart.tlog\custombuild.command.1.tlog
h:\desktop\music projects\school\jaar 2\raytracedir\raytracedir\wouter\synth_conv\src\cpp_scripts\appeltaart.dir\debug\appeltaart.tlog\custombuild.read.1.tlog
h:\desktop\music projects\school\jaar 2\raytracedir\raytracedir\wouter\synth_conv\src\cpp_scripts\appeltaart.dir\debug\appeltaart.tlog\custombuild.write.1.tlog
h:\desktop\music projects\school\jaar 2\raytracedir\raytracedir\wouter\synth_conv\src\cpp_scripts\appeltaart.dir\debug\appeltaart.tlog\cl.read.1.tlog
h:\desktop\music projects\school\jaar 2\raytracedir\raytracedir\wouter\synth_conv\src\cpp_scripts\appeltaart.dir\debug\appeltaart.tlog\cl.write.1.tlog
h:\desktop\music projects\school\jaar 2\raytracedir\raytracedir\wouter\synth_conv\src\cpp_scripts\appeltaart.dir\debug\appeltaart.tlog\cl.command.1.tlog
h:\desktop\music projects\school\jaar 2\raytracedir\raytracedir\wouter\synth_conv\src\cpp_scripts\appeltaart.dir\debug\appeltaart.tlog\link.read.2.tlog
h:\desktop\music projects\school\jaar 2\raytracedir\raytracedir\wouter\synth_conv\src\cpp_scripts\appeltaart.dir\debug\appeltaart.tlog\link.write.1.tlog
h:\desktop\music projects\school\jaar 2\raytracedir\raytracedir\wouter\synth_conv\src\cpp_scripts\appeltaart.dir\debug\appeltaart.tlog\link.command.1.tlog
